2021-02-04 10:16:24 +0000  Initial pipeline context: <IDEDistributionProcessingPipelineContext: 0x7ffaa9c4d6a0; archive(resolved)='<IDEArchive: 0x7ffa9d88ea80>', distributionTask(resolved)='2', distributionDestination(resolved)='1', distributionMethod(resolved)='<IDEDistributionMethodDevelopmentSigned: 0x7ffa8749f0c0>', team(resolved)='<IDEProvisioningDisambiguatableBasicTeam: 0x7ffab2b9f350; teamID='XBCWPZD3DU', teamName='Intelligent Canal Systems Pty Ltd', teamType='Company', username='matthew.sobey@intelligentcanals.com', isFreeProvisioningTeam='0'>'>
	Chain (14, self inclusive):
	<IDEDistributionProcessingPipelineContext: 0x7ffaa9c4d6a0; archive = '<IDEArchive: 0x7ffa9d88ea80>', distributionMethod='<IDEDistributionMethodDevelopmentSigned: 0x7ffa8749f0c0>', team='<IDEProvisioningDisambiguatableBasicTeam: 0x7ffab2b9f350; teamID='XBCWPZD3DU', teamName='Intelligent Canal Systems Pty Ltd', teamType='Company', username='matthew.sobey@intelligentcanals.com', isFreeProvisioningTeam='0'>'>
	<IDEDistributionProcessingPipelineContext: 0x7ffa7aa312a0; archive = '<IDEArchive: 0x7ffa9d88ea80>', distributionMethod='<IDEDistributionMethodDevelopmentSigned: 0x7ffa8749f0c0>', team='<IDEProvisioningDisambiguatableBasicTeam: 0x7ffab2b9f350; teamID='XBCWPZD3DU', teamName='Intelligent Canal Systems Pty Ltd', teamType='Company', username='matthew.sobey@intelligentcanals.com', isFreeProvisioningTeam='0'>'>
	<IDEDistributionContext: 0x7ffa8d5b2d80; archive = '<IDEArchive: 0x7ffa9d88ea80>', distributionMethod='<IDEDistributionMethodDevelopmentSigned: 0x7ffa8749f0c0>', team='<IDEProvisioningDisambiguatableBasicTeam: 0x7ffab2b9f350; teamID='XBCWPZD3DU', teamName='Intelligent Canal Systems Pty Ltd', teamType='Company', username='matthew.sobey@intelligentcanals.com', isFreeProvisioningTeam='0'>'>
	<IDEDistributionContext: 0x7ffa8d082b00; archive = '<IDEArchive: 0x7ffa9d88ea80>', distributionMethod='<IDEDistributionMethodDevelopmentSigned: 0x7ffa8749f0c0>', team='<IDEProvisioningDisambiguatableBasicTeam: 0x7ffab2b9f350; teamID='XBCWPZD3DU', teamName='Intelligent Canal Systems Pty Ltd', teamType='Company', username='matthew.sobey@intelligentcanals.com', isFreeProvisioningTeam='0'>'>
	<IDEDistributionContext: 0x7ffa8d083380; archive = '<IDEArchive: 0x7ffa9d88ea80>', distributionMethod='<IDEDistributionMethodDevelopmentSigned: 0x7ffa8749f0c0>', team='<IDEProvisioningDisambiguatableBasicTeam: 0x7ffab2b9f350; teamID='XBCWPZD3DU', teamName='Intelligent Canal Systems Pty Ltd', teamType='Company', username='matthew.sobey@intelligentcanals.com', isFreeProvisioningTeam='0'>'>
	<IDEDistributionContext: 0x7ffa8d082310; archive = '<IDEArchive: 0x7ffa9d88ea80>', distributionMethod='<IDEDistributionMethodDevelopmentSigned: 0x7ffa8749f0c0>', team='<IDEProvisioningDisambiguatableBasicTeam: 0x7ffab2b9f350; teamID='XBCWPZD3DU', teamName='Intelligent Canal Systems Pty Ltd', teamType='Company', username='matthew.sobey@intelligentcanals.com', isFreeProvisioningTeam='0'>'>
	<IDEDistributionContext: 0x7ffaad1290a0; archive = '<IDEArchive: 0x7ffa9d88ea80>', distributionMethod='<IDEDistributionMethodDevelopmentSigned: 0x7ffa8749f0c0>', team='<IDEProvisioningDisambiguatableBasicTeam: 0x7ffab2b9f350; teamID='XBCWPZD3DU', teamName='Intelligent Canal Systems Pty Ltd', teamType='Company', username='matthew.sobey@intelligentcanals.com', isFreeProvisioningTeam='0'>'>
	<IDEDistributionContext: 0x7ffa8cf88d30; archive = '<IDEArchive: 0x7ffa9d88ea80>', distributionMethod='<IDEDistributionMethodDevelopmentSigned: 0x7ffa8749f0c0>', team='<IDEProvisioningDisambiguatableBasicTeam: 0x7ffab2b9f350; teamID='XBCWPZD3DU', teamName='Intelligent Canal Systems Pty Ltd', teamType='Company', username='matthew.sobey@intelligentcanals.com', isFreeProvisioningTeam='0'>'>
	<IDEDistributionContext: 0x7ffa75d15370; archive = '<IDEArchive: 0x7ffa9d88ea80>', distributionMethod='<IDEDistributionMethodDevelopmentSigned: 0x7ffa8749f0c0>', team='<IDEProvisioningDisambiguatableBasicTeam: 0x7ffab2b9f350; teamID='XBCWPZD3DU', teamName='Intelligent Canal Systems Pty Ltd', teamType='Company', username='matthew.sobey@intelligentcanals.com', isFreeProvisioningTeam='0'>'>
	<IDEDistributionContext: 0x7ffa75d31b50; archive = '<IDEArchive: 0x7ffa9d88ea80>', distributionMethod='<IDEDistributionMethodDevelopmentSigned: 0x7ffa8749f0c0>', team='(null)'>
	<IDEDistributionContext: 0x7ffa8d06f580; archive = '<IDEArchive: 0x7ffa9d88ea80>', distributionMethod='<IDEDistributionMethodDevelopmentSigned: 0x7ffa8749f0c0>', team='(null)'>
	<IDEDistributionContext: 0x7ffa8d06bf80; archive = '<IDEArchive: 0x7ffa9d88ea80>', distributionMethod='<IDEDistributionMethodDevelopmentSigned: 0x7ffa8749f0c0>', team='(null)'>
	<IDEDistributionContext: 0x7ffa8d64fbc0; archive = '<IDEArchive: 0x7ffa9d88ea80>', distributionMethod='<IDEDistributionMethodDevelopmentSigned: 0x7ffa8749f0c0>', team='(null)'>
	<IDEDistributionContext: 0x7ffa8cf875c0; archive = '<IDEArchive: 0x7ffa9d88ea80>', distributionMethod='(null)', team='(null)'>
</IDEDistributionProcessingPipelineContext: 0x7ffaa9c4d6a0>
2021-02-04 10:16:24 +0000  Processing step: IDEDistributionCreateDestRootStep
2021-02-04 10:16:24 +0000  Processing step: IDEDistributionCopyItemStep
2021-02-04 10:16:24 +0000  Running /usr/bin/ditto '-V' '/Users/reactnative/Library/Developer/Xcode/Archives/2021-02-04/ICS 04-02-21, 3.45 PM.xcarchive/Products/Applications/ICS.app' '/var/folders/9z/q2mk4rg95gb3wynjsvjx53qw0000gn/T/XcodeDistPipeline.~~~a9M8ng/Root/Payload/ICS.app'
2021-02-04 10:16:24 +0000  >>> Copying /Users/reactnative/Library/Developer/Xcode/Archives/2021-02-04/ICS 04-02-21, 3.45 PM.xcarchive/Products/Applications/ICS.app 
2021-02-04 10:16:24 +0000  copying file ./_CodeSignature/CodeResources ... 
2021-02-04 10:16:24 +0000  48968 bytes for ./_CodeSignature/CodeResources
2021-02-04 10:16:24 +0000  copying file ./Fontisto.ttf ... 
2021-02-04 10:16:24 +0000  313528 bytes for ./Fontisto.ttf
2021-02-04 10:16:24 +0000  copying file ./Octicons.ttf ... 
28364 bytes for ./Octicons.ttf
copying file ./Feather.ttf ... 
56024 bytes for ./Feather.ttf
2021-02-04 10:16:24 +0000  copying file ./AppIcon20x20@2x.png ... 
2021-02-04 10:16:24 +0000  892 bytes for ./AppIcon20x20@2x.png
2021-02-04 10:16:24 +0000  copying file ./Entypo.ttf ... 
2021-02-04 10:16:24 +0000  65584 bytes for ./Entypo.ttf
copying file ./AppIcon20x20@3x.png ... 
2021-02-04 10:16:24 +0000  1440 bytes for ./AppIcon20x20@3x.png
2021-02-04 10:16:24 +0000  copying file ./QBImagePicker.bundle/de.lproj/QBImagePicker.strings ... 
2021-02-04 10:16:24 +0000  686 bytes for ./QBImagePicker.bundle/de.lproj/QBImagePicker.strings
2021-02-04 10:16:24 +0000  copying file ./QBImagePicker.bundle/zh-Hans.lproj/QBImagePicker.strings ... 
2021-02-04 10:16:24 +0000  738 bytes for ./QBImagePicker.bundle/zh-Hans.lproj/QBImagePicker.strings
2021-02-04 10:16:24 +0000  copying file ./QBImagePicker.bundle/ja.lproj/QBImagePicker.strings ... 
2021-02-04 10:16:24 +0000  764 bytes for ./QBImagePicker.bundle/ja.lproj/QBImagePicker.strings
2021-02-04 10:16:24 +0000  copying file ./QBImagePicker.bundle/en.lproj/QBImagePicker.strings ... 
2021-02-04 10:16:24 +0000  681 bytes for ./QBImagePicker.bundle/en.lproj/QBImagePicker.strings
2021-02-04 10:16:24 +0000  copying file ./QBImagePicker.bundle/QBImagePicker.storyboardc/QiH-NZ-ZGN-view-sD2-zK-ryo.nib/runtime.nib ... 
2021-02-04 10:16:24 +0000  10670 bytes for ./QBImagePicker.bundle/QBImagePicker.storyboardc/QiH-NZ-ZGN-view-sD2-zK-ryo.nib/runtime.nib
2021-02-04 10:16:24 +0000  copying file ./QBImagePicker.bundle/QBImagePicker.storyboardc/QiH-NZ-ZGN-view-sD2-zK-ryo.nib/objects-12.3+.nib ... 
2021-02-04 10:16:24 +0000  10874 bytes for ./QBImagePicker.bundle/QBImagePicker.storyboardc/QiH-NZ-ZGN-view-sD2-zK-ryo.nib/objects-12.3+.nib
2021-02-04 10:16:24 +0000  copying file ./QBImagePicker.bundle/QBImagePicker.storyboardc/QBAlbumsViewController.nib/runtime.nib ... 
2021-02-04 10:16:24 +0000  1775 bytes for ./QBImagePicker.bundle/QBImagePicker.storyboardc/QBAlbumsViewController.nib/runtime.nib
2021-02-04 10:16:24 +0000  copying file ./QBImagePicker.bundle/QBImagePicker.storyboardc/QBAlbumsViewController.nib/objects-12.3+.nib ... 
2021-02-04 10:16:24 +0000  1775 bytes for ./QBImagePicker.bundle/QBImagePicker.storyboardc/QBAlbumsViewController.nib/objects-12.3+.nib
2021-02-04 10:16:24 +0000  copying file ./QBImagePicker.bundle/QBImagePicker.storyboardc/QBAssetsViewController.nib/runtime.nib ... 
2021-02-04 10:16:24 +0000  1368 bytes for ./QBImagePicker.bundle/QBImagePicker.storyboardc/QBAssetsViewController.nib/runtime.nib
2021-02-04 10:16:24 +0000  copying file ./QBImagePicker.bundle/QBImagePicker.storyboardc/QBAssetsViewController.nib/objects-12.3+.nib ... 
2021-02-04 10:16:24 +0000  1368 bytes for ./QBImagePicker.bundle/QBImagePicker.storyboardc/QBAssetsViewController.nib/objects-12.3+.nib
2021-02-04 10:16:24 +0000  copying file ./QBImagePicker.bundle/QBImagePicker.storyboardc/QL5-wR-LYt-view-66K-TS-Yoc.nib/runtime.nib ... 
2021-02-04 10:16:24 +0000  6939 bytes for ./QBImagePicker.bundle/QBImagePicker.storyboardc/QL5-wR-LYt-view-66K-TS-Yoc.nib/runtime.nib
2021-02-04 10:16:24 +0000  copying file ./QBImagePicker.bundle/QBImagePicker.storyboardc/QL5-wR-LYt-view-66K-TS-Yoc.nib/objects-12.3+.nib ... 
2021-02-04 10:16:24 +0000  6938 bytes for ./QBImagePicker.bundle/QBImagePicker.storyboardc/QL5-wR-LYt-view-66K-TS-Yoc.nib/objects-12.3+.nib
2021-02-04 10:16:24 +0000  copying file ./QBImagePicker.bundle/QBImagePicker.storyboardc/QBAlbumsNavigationController.nib/runtime.nib ... 
2021-02-04 10:16:24 +0000  2590 bytes for ./QBImagePicker.bundle/QBImagePicker.storyboardc/QBAlbumsNavigationController.nib/runtime.nib
2021-02-04 10:16:24 +0000  copying file ./QBImagePicker.bundle/QBImagePicker.storyboardc/QBAlbumsNavigationController.nib/objects-12.3+.nib ... 
2021-02-04 10:16:24 +0000  2593 bytes for ./QBImagePicker.bundle/QBImagePicker.storyboardc/QBAlbumsNavigationController.nib/objects-12.3+.nib
2021-02-04 10:16:24 +0000  copying file ./QBImagePicker.bundle/QBImagePicker.storyboardc/Info.plist ... 
2021-02-04 10:16:24 +0000  289 bytes for ./QBImagePicker.bundle/QBImagePicker.storyboardc/Info.plist
2021-02-04 10:16:24 +0000  copying file ./QBImagePicker.bundle/es.lproj/QBImagePicker.strings ... 
2021-02-04 10:16:24 +0000  685 bytes for ./QBImagePicker.bundle/es.lproj/QBImagePicker.strings
2021-02-04 10:16:24 +0000  copying file ./QBImagePicker.bundle/pl.lproj/QBImagePicker.strings ... 
2021-02-04 10:16:24 +0000  702 bytes for ./QBImagePicker.bundle/pl.lproj/QBImagePicker.strings
2021-02-04 10:16:24 +0000  copying file ./QBImagePicker.bundle/fr.lproj/QBImagePicker.strings ... 
2021-02-04 10:16:24 +0000  702 bytes for ./QBImagePicker.bundle/fr.lproj/QBImagePicker.strings
2021-02-04 10:16:24 +0000  copying file ./QBImagePicker.bundle/Info.plist ... 
2021-02-04 10:16:24 +0000  722 bytes for ./QBImagePicker.bundle/Info.plist
2021-02-04 10:16:24 +0000  copying file ./FontAwesome5_Brands.ttf ... 
2021-02-04 10:16:24 +0000  132728 bytes for ./FontAwesome5_Brands.ttf
2021-02-04 10:16:24 +0000  copying file ./MaterialCommunityIcons.ttf ... 
2021-02-04 10:16:24 +0000  899432 bytes for ./MaterialCommunityIcons.ttf
2021-02-04 10:16:24 +0000  copying file ./AppIcon60x60@2x.png ... 
2771 bytes for ./AppIcon60x60@2x.png
copying file ./AppIcon29x29@2x.png ... 
1360 bytes for ./AppIcon29x29@2x.png
copying file ./AntDesign.ttf ... 
70344 bytes for ./AntDesign.ttf
copying file ./AppIcon40x40@3x.png ... 
2771 bytes for ./AppIcon40x40@3x.png
copying file ./Foundation.ttf ... 
56976 bytes for ./Foundation.ttf
copying file ./AppIcon29x29~ipad.png ... 
720 bytes for ./AppIcon29x29~ipad.png
copying file ./Ionicons.ttf ... 
2021-02-04 10:16:24 +0000  247192 bytes for ./Ionicons.ttf
copying file ./FontAwesome5_Solid.ttf ... 
202616 bytes for ./FontAwesome5_Solid.ttf
copying file ./AppIcon40x40@2x.png ... 
1994 bytes for ./AppIcon40x40@2x.png
copying file ./FontAwesome5_Regular.ttf ... 
2021-02-04 10:16:24 +0000  34092 bytes for ./FontAwesome5_Regular.ttf
copying file ./AppIcon29x29@3x.png ... 
2088 bytes for ./AppIcon29x29@3x.png
copying file ./GoogleService-Info.plist ... 
2021-02-04 10:16:24 +0000  675 bytes for ./GoogleService-Info.plist
2021-02-04 10:16:24 +0000  copying file ./AppIcon60x60@3x.png ... 
2021-02-04 10:16:24 +0000  3729 bytes for ./AppIcon60x60@3x.png
2021-02-04 10:16:24 +0000  copying file ./Base.lproj/LaunchScreen.nib ... 
2021-02-04 10:16:24 +0000  1340 bytes for ./Base.lproj/LaunchScreen.nib
2021-02-04 10:16:24 +0000  copying file ./FontAwesome.ttf ... 
2021-02-04 10:16:24 +0000  165548 bytes for ./FontAwesome.ttf
2021-02-04 10:16:24 +0000  copying file ./Zocial.ttf ... 
25552 bytes for ./Zocial.ttf
copying file ./Assets.car ... 
2021-02-04 10:16:24 +0000  879567 bytes for ./Assets.car
2021-02-04 10:16:24 +0000  copying file ./AppIcon40x40@2x~ipad.png ... 
1994 bytes for ./AppIcon40x40@2x~ipad.png
copying file ./EvilIcons.ttf ... 
13456 bytes for ./EvilIcons.ttf
copying file ./AppIcon76x76@2x~ipad.png ... 
3222 bytes for ./AppIcon76x76@2x~ipad.png
copying file ./main.jsbundle ... 
2021-02-04 10:16:24 +0000  2494122 bytes for ./main.jsbundle
copying file ./AppIcon83.5x83.5@2x~ipad.png ... 
3478 bytes for ./AppIcon83.5x83.5@2x~ipad.png
copying file ./AppIcon29x29@2x~ipad.png ... 
1360 bytes for ./AppIcon29x29@2x~ipad.png
copying file ./TOCropViewControllerBundle.bundle/de.lproj/TOCropViewControllerLocalizable.strings ... 
189 bytes for ./TOCropViewControllerBundle.bundle/de.lproj/TOCropViewControllerLocalizable.strings
copying file ./TOCropViewControllerBundle.bundle/ar.lproj/TOCropViewControllerLocalizable.strings ... 
207 bytes for ./TOCropViewControllerBundle.bundle/ar.lproj/TOCropViewControllerLocalizable.strings
copying file ./TOCropViewControllerBundle.bundle/zh-Hans.lproj/TOCropViewControllerLocalizable.strings ... 
172 bytes for ./TOCropViewControllerBundle.bundle/zh-Hans.lproj/TOCropViewControllerLocalizable.strings
copying file ./TOCropViewControllerBundle.bundle/ja.lproj/TOCropViewControllerLocalizable.strings ... 
201 bytes for ./TOCropViewControllerBundle.bundle/ja.lproj/TOCropViewControllerLocalizable.strings
copying file ./TOCropViewControllerBundle.bundle/fa.lproj/TOCropViewControllerLocalizable.strings ... 
210 bytes for ./TOCropViewControllerBundle.bundle/fa.lproj/TOCropViewControllerLocalizable.strings
copying file ./TOCropViewControllerBundle.bundle/en.lproj/TOCropViewControllerLocalizable.strings ... 
168 bytes for ./TOCropViewControllerBundle.bundle/en.lproj/TOCropViewControllerLocalizable.strings
copying file ./TOCropViewControllerBundle.bundle/es.lproj/TOCropViewControllerLocalizable.strings ... 
179 bytes for ./TOCropViewControllerBundle.bundle/es.lproj/TOCropViewControllerLocalizable.strings
copying file ./TOCropViewControllerBundle.bundle/it.lproj/TOCropViewControllerLocalizable.strings ... 
181 bytes for ./TOCropViewControllerBundle.bundle/it.lproj/TOCropViewControllerLocalizable.strings
copying file ./TOCropViewControllerBundle.bundle/ms.lproj/TOCropViewControllerLocalizable.strings ... 
173 bytes for ./TOCropViewControllerBundle.bundle/ms.lproj/TOCropViewControllerLocalizable.strings
copying file ./TOCropViewControllerBundle.bundle/ko.lproj/TOCropViewControllerLocalizable.strings ... 
187 bytes for ./TOCropViewControllerBundle.bundle/ko.lproj/TOCropViewControllerLocalizable.strings
copying file ./TOCropViewControllerBundle.bundle/Base.lproj/TOCropViewControllerLocalizable.strings ... 
168 bytes for ./TOCropViewControllerBundle.bundle/Base.lproj/TOCropViewControllerLocalizable.strings
copying file ./TOCropViewControllerBundle.bundle/zh-Hant.lproj/TOCropViewControllerLocalizable.strings ... 
175 bytes for ./TOCropViewControllerBundle.bundle/zh-Hant.lproj/TOCropViewControllerLocalizable.strings
2021-02-04 10:16:24 +0000  copying file ./TOCropViewControllerBundle.bundle/fa-IR.lproj/TOCropViewControllerLocalizable.strings ... 
2021-02-04 10:16:24 +0000  210 bytes for ./TOCropViewControllerBundle.bundle/fa-IR.lproj/TOCropViewControllerLocalizable.strings
2021-02-04 10:16:24 +0000  copying file ./TOCropViewControllerBundle.bundle/hu.lproj/TOCropViewControllerLocalizable.strings ... 
2021-02-04 10:16:24 +0000  194 bytes for ./TOCropViewControllerBundle.bundle/hu.lproj/TOCropViewControllerLocalizable.strings
2021-02-04 10:16:24 +0000  copying file ./TOCropViewControllerBundle.bundle/da-DK.lproj/TOCropViewControllerLocalizable.strings ... 
2021-02-04 10:16:24 +0000  174 bytes for ./TOCropViewControllerBundle.bundle/da-DK.lproj/TOCropViewControllerLocalizable.strings
2021-02-04 10:16:24 +0000  copying file ./TOCropViewControllerBundle.bundle/tr.lproj/TOCropViewControllerLocalizable.strings ... 
2021-02-04 10:16:24 +0000  183 bytes for ./TOCropViewControllerBundle.bundle/tr.lproj/TOCropViewControllerLocalizable.strings
2021-02-04 10:16:24 +0000  copying file ./TOCropViewControllerBundle.bundle/pl.lproj/TOCropViewControllerLocalizable.strings ... 
2021-02-04 10:16:24 +0000  171 bytes for ./TOCropViewControllerBundle.bundle/pl.lproj/TOCropViewControllerLocalizable.strings
2021-02-04 10:16:24 +0000  copying file ./TOCropViewControllerBundle.bundle/pt-BR.lproj/TOCropViewControllerLocalizable.strings ... 
2021-02-04 10:16:24 +0000  181 bytes for ./TOCropViewControllerBundle.bundle/pt-BR.lproj/TOCropViewControllerLocalizable.strings
2021-02-04 10:16:24 +0000  copying file ./TOCropViewControllerBundle.bundle/vi.lproj/TOCropViewControllerLocalizable.strings ... 
2021-02-04 10:16:24 +0000  178 bytes for ./TOCropViewControllerBundle.bundle/vi.lproj/TOCropViewControllerLocalizable.strings
2021-02-04 10:16:24 +0000  copying file ./TOCropViewControllerBundle.bundle/ru.lproj/TOCropViewControllerLocalizable.strings ... 
2021-02-04 10:16:24 +0000  237 bytes for ./TOCropViewControllerBundle.bundle/ru.lproj/TOCropViewControllerLocalizable.strings
2021-02-04 10:16:24 +0000  copying file ./TOCropViewControllerBundle.bundle/fr.lproj/TOCropViewControllerLocalizable.strings ... 
2021-02-04 10:16:24 +0000  193 bytes for ./TOCropViewControllerBundle.bundle/fr.lproj/TOCropViewControllerLocalizable.strings
2021-02-04 10:16:24 +0000  copying file ./TOCropViewControllerBundle.bundle/fi.lproj/TOCropViewControllerLocalizable.strings ... 
2021-02-04 10:16:24 +0000  179 bytes for ./TOCropViewControllerBundle.bundle/fi.lproj/TOCropViewControllerLocalizable.strings
2021-02-04 10:16:24 +0000  copying file ./TOCropViewControllerBundle.bundle/id.lproj/TOCropViewControllerLocalizable.strings ... 
2021-02-04 10:16:24 +0000  178 bytes for ./TOCropViewControllerBundle.bundle/id.lproj/TOCropViewControllerLocalizable.strings
2021-02-04 10:16:24 +0000  copying file ./TOCropViewControllerBundle.bundle/nl.lproj/TOCropViewControllerLocalizable.strings ... 
2021-02-04 10:16:24 +0000  178 bytes for ./TOCropViewControllerBundle.bundle/nl.lproj/TOCropViewControllerLocalizable.strings
2021-02-04 10:16:24 +0000  copying file ./TOCropViewControllerBundle.bundle/pt.lproj/TOCropViewControllerLocalizable.strings ... 
2021-02-04 10:16:24 +0000  181 bytes for ./TOCropViewControllerBundle.bundle/pt.lproj/TOCropViewControllerLocalizable.strings
2021-02-04 10:16:24 +0000  copying file ./TOCropViewControllerBundle.bundle/ro.lproj/TOCropViewControllerLocalizable.strings ... 
2021-02-04 10:16:24 +0000  181 bytes for ./TOCropViewControllerBundle.bundle/ro.lproj/TOCropViewControllerLocalizable.strings
2021-02-04 10:16:24 +0000  copying file ./TOCropViewControllerBundle.bundle/Info.plist ... 
2021-02-04 10:16:24 +0000  749 bytes for ./TOCropViewControllerBundle.bundle/Info.plist
2021-02-04 10:16:24 +0000  copying file ./AppIcon40x40~ipad.png ... 
2021-02-04 10:16:24 +0000  892 bytes for ./AppIcon40x40~ipad.png
2021-02-04 10:16:24 +0000  copying file ./AppIcon20x20~ipad.png ... 
2021-02-04 10:16:24 +0000  524 bytes for ./AppIcon20x20~ipad.png
2021-02-04 10:16:24 +0000  copying file ./SimpleLineIcons.ttf ... 
2021-02-04 10:16:24 +0000  54056 bytes for ./SimpleLineIcons.ttf
2021-02-04 10:16:24 +0000  copying file ./embedded.mobileprovision ... 
2021-02-04 10:16:24 +0000  11671 bytes for ./embedded.mobileprovision
2021-02-04 10:16:24 +0000  copying file ./assets/app.json ... 
2021-02-04 10:16:24 +0000  43 bytes for ./assets/app.json
2021-02-04 10:16:24 +0000  copying file ./assets/node_modules/native-base/dist/src/basic/Icon/NBIcons.json ... 
2021-02-04 10:16:24 +0000  59995 bytes for ./assets/node_modules/native-base/dist/src/basic/Icon/NBIcons.json
2021-02-04 10:16:24 +0000  copying file ./assets/node_modules/react-native-router-flux/images/menu_burger.png ... 
2021-02-04 10:16:24 +0000  706 bytes for ./assets/node_modules/react-native-router-flux/images/menu_burger.png
2021-02-04 10:16:24 +0000  copying file ./assets/node_modules/react-native-router-flux/images/back_chevron.png ... 
2021-02-04 10:16:24 +0000  575 bytes for ./assets/node_modules/react-native-router-flux/images/back_chevron.png
2021-02-04 10:16:24 +0000  copying file ./assets/node_modules/react-navigation-stack/lib/module/views/assets/back-icon@3x.png ... 
2021-02-04 10:16:24 +0000  761 bytes for ./assets/node_modules/react-navigation-stack/lib/module/views/assets/back-icon@3x.png
2021-02-04 10:16:24 +0000  copying file ./assets/node_modules/react-navigation-stack/lib/module/views/assets/back-icon@2x.png ... 
2021-02-04 10:16:24 +0000  405 bytes for ./assets/node_modules/react-navigation-stack/lib/module/views/assets/back-icon@2x.png
2021-02-04 10:16:24 +0000  copying file ./assets/node_modules/react-navigation-stack/lib/module/views/assets/back-icon.png ... 
2021-02-04 10:16:24 +0000  290 bytes for ./assets/node_modules/react-navigation-stack/lib/module/views/assets/back-icon.png
2021-02-04 10:16:24 +0000  copying file ./assets/node_modules/react-navigation-stack/lib/module/views/assets/back-icon-mask.png ... 
2021-02-04 10:16:24 +0000  1619 bytes for ./assets/node_modules/react-navigation-stack/lib/module/views/assets/back-icon-mask.png
2021-02-04 10:16:24 +0000  copying file ./assets/node_modules/react-native-datepicker/date_icon.png ... 
2021-02-04 10:16:24 +0000  1133 bytes for ./assets/node_modules/react-native-datepicker/date_icon.png
2021-02-04 10:16:24 +0000  copying file ./assets/node_modules/react-native-vector-icons/glyphmaps/Ionicons.json ... 
2021-02-04 10:16:24 +0000  106287 bytes for ./assets/node_modules/react-native-vector-icons/glyphmaps/Ionicons.json
2021-02-04 10:16:24 +0000  copying file ./assets/node_modules/react-native-vector-icons/glyphmaps/Fontisto.json ... 
2021-02-04 10:16:24 +0000  13107 bytes for ./assets/node_modules/react-native-vector-icons/glyphmaps/Fontisto.json
2021-02-04 10:16:24 +0000  copying file ./assets/node_modules/react-native-vector-icons/glyphmaps/EvilIcons.json ... 
2021-02-04 10:16:24 +0000  1454 bytes for ./assets/node_modules/react-native-vector-icons/glyphmaps/EvilIcons.json
2021-02-04 10:16:24 +0000  copying file ./assets/node_modules/react-native-vector-icons/glyphmaps/Octicons.json ... 
2021-02-04 10:16:24 +0000  3992 bytes for ./assets/node_modules/react-native-vector-icons/glyphmaps/Octicons.json
2021-02-04 10:16:24 +0000  copying file ./assets/node_modules/react-native-vector-icons/glyphmaps/FontAwesome5Free_meta.json ... 
2021-02-04 10:16:24 +0000  27903 bytes for ./assets/node_modules/react-native-vector-icons/glyphmaps/FontAwesome5Free_meta.json
2021-02-04 10:16:24 +0000  copying file ./assets/node_modules/react-native-vector-icons/glyphmaps/FontAwesome.json ... 
2021-02-04 10:16:24 +0000  17437 bytes for ./assets/node_modules/react-native-vector-icons/glyphmaps/FontAwesome.json
2021-02-04 10:16:24 +0000  copying file ./assets/node_modules/react-native-vector-icons/glyphmaps/MaterialIcons.json ... 
2021-02-04 10:16:24 +0000  38522 bytes for ./assets/node_modules/react-native-vector-icons/glyphmaps/MaterialIcons.json
2021-02-04 10:16:24 +0000  copying file ./assets/node_modules/react-native-vector-icons/glyphmaps/Entypo.json ... 
2021-02-04 10:16:24 +0000  9486 bytes for ./assets/node_modules/react-native-vector-icons/glyphmaps/Entypo.json
2021-02-04 10:16:24 +0000  copying file ./assets/node_modules/react-native-vector-icons/glyphmaps/SimpleLineIcons.json ... 
2021-02-04 10:16:24 +0000  4102 bytes for ./assets/node_modules/react-native-vector-icons/glyphmaps/SimpleLineIcons.json
2021-02-04 10:16:24 +0000  copying file ./assets/node_modules/react-native-vector-icons/glyphmaps/AntDesign.json ... 
2021-02-04 10:16:24 +0000  6303 bytes for ./assets/node_modules/react-native-vector-icons/glyphmaps/AntDesign.json
2021-02-04 10:16:24 +0000  copying file ./assets/node_modules/react-native-vector-icons/glyphmaps/FontAwesome5Free.json ... 
2021-02-04 10:16:24 +0000  32278 bytes for ./assets/node_modules/react-native-vector-icons/glyphmaps/FontAwesome5Free.json
2021-02-04 10:16:24 +0000  copying file ./assets/node_modules/react-native-vector-icons/glyphmaps/Feather.json ... 
2021-02-04 10:16:24 +0000  6080 bytes for ./assets/node_modules/react-native-vector-icons/glyphmaps/Feather.json
2021-02-04 10:16:24 +0000  copying file ./assets/node_modules/react-native-vector-icons/glyphmaps/MaterialCommunityIcons.json ... 
2021-02-04 10:16:24 +0000  151816 bytes for ./assets/node_modules/react-native-vector-icons/glyphmaps/MaterialCommunityIcons.json
2021-02-04 10:16:24 +0000  copying file ./assets/node_modules/react-native-vector-icons/glyphmaps/Foundation.json ... 
2021-02-04 10:16:24 +0000  6417 bytes for ./assets/node_modules/react-native-vector-icons/glyphmaps/Foundation.json
copying file ./assets/node_modules/react-native-vector-icons/glyphmaps/Zocial.json ... 
2021-02-04 10:16:24 +0000  2013 bytes for ./assets/node_modules/react-native-vector-icons/glyphmaps/Zocial.json
2021-02-04 10:16:24 +0000  copying file ./assets/src/assets/images/norecord.png ... 
2021-02-04 10:16:24 +0000  10054 bytes for ./assets/src/assets/images/norecord.png
2021-02-04 10:16:24 +0000  copying file ./assets/src/assets/images/Logo_App.png ... 
2021-02-04 10:16:24 +0000  15678 bytes for ./assets/src/assets/images/Logo_App.png
2021-02-04 10:16:24 +0000  copying file ./assets/src/assets/images/Logo_App_White.png ... 
2021-02-04 10:16:24 +0000  10830 bytes for ./assets/src/assets/images/Logo_App_White.png
2021-02-04 10:16:24 +0000  copying file ./assets/src/assets/images/background_image.png ... 
2021-02-04 10:16:24 +0000  46844 bytes for ./assets/src/assets/images/background_image.png
copying file ./assets/src/assets/images/mobilelandingpage.png ... 
2021-02-04 10:16:24 +0000  6065036 bytes for ./assets/src/assets/images/mobilelandingpage.png
2021-02-04 10:16:24 +0000  copying file ./assets/src/assets/images/no_img_avlbl.jpg ... 
3210 bytes for ./assets/src/assets/images/no_img_avlbl.jpg
copying file ./assets/src/assets/images/uploadimage.png ... 
74742 bytes for ./assets/src/assets/images/uploadimage.png
copying file ./assets/src/assets/SampleImages/three.jpg ... 
2021-02-04 10:16:24 +0000  2944408 bytes for ./assets/src/assets/SampleImages/three.jpg
copying file ./assets/src/assets/SampleImages/two.jpg ... 
1485126 bytes for ./assets/src/assets/SampleImages/two.jpg
copying file ./assets/src/assets/SampleImages/four.jpg ... 
1118590 bytes for ./assets/src/assets/SampleImages/four.jpg
copying file ./assets/src/assets/SampleImages/one.jpg ... 
2021-02-04 10:16:24 +0000  2826080 bytes for ./assets/src/assets/SampleImages/one.jpg
2021-02-04 10:16:24 +0000  copying file ./ICS ... 
2021-02-04 10:16:24 +0000  69459168 bytes for ./ICS
2021-02-04 10:16:24 +0000  /usr/bin/ditto exited with 0
2021-02-04 10:16:24 +0000  copying file ./AppIcon20x20@2x~ipad.png ... 
892 bytes for ./AppIcon20x20@2x~ipad.png
copying file ./Info.plist ... 
2429 bytes for ./Info.plist
copying file ./PkgInfo ... 
8 bytes for ./PkgInfo
copying file ./MaterialIcons.ttf ... 
230384 bytes for ./MaterialIcons.ttf
copying file ./AppIcon76x76~ipad.png ... 
1941 bytes for ./AppIcon76x76~ipad.png
2021-02-04 10:16:24 +0000  Processing step: IDEDistributionEmbedProfileStep
2021-02-04 10:16:24 +0000  Processing step: IDEDistributionInfoPlistStep
2021-02-04 10:16:24 +0000  Skipping step: IDEDistributionInfoPlistStep because it said so
2021-02-04 10:16:24 +0000  Processing step: IDEDistributionAppThinningPlistStep
2021-02-04 10:16:24 +0000  Skipping step: IDEDistributionAppThinningPlistStep because it said so
2021-02-04 10:16:24 +0000  Processing step: IDEDistributionCompileBitcodeStep
2021-02-04 10:16:24 +0000  Skipping step: IDEDistributionCompileBitcodeStep because it said so
2021-02-04 10:16:24 +0000  Processing step: IDEDistributionCodeSlimmingStep
2021-02-04 10:16:24 +0000  Running /Applications/Xcode.app/Contents/Developer/Toolchains/XcodeDefault.xctoolchain/usr/bin/bitcode_strip '/var/folders/9z/q2mk4rg95gb3wynjsvjx53qw0000gn/T/XcodeDistPipeline.~~~a9M8ng/Root/Payload/ICS.app/ICS' '-r' '-o' '/var/folders/9z/q2mk4rg95gb3wynjsvjx53qw0000gn/T/XcodeDistPipeline.~~~a9M8ng/Root/Payload/ICS.app/ICS'
2021-02-04 10:16:24 +0000  /Applications/Xcode.app/Contents/Developer/Toolchains/XcodeDefault.xctoolchain/usr/bin/bitcode_strip exited with 0
2021-02-04 10:16:24 +0000  Processing step: IDEDistributionCopyBCSymbolMapsStep
2021-02-04 10:16:24 +0000  Skipping step: IDEDistributionCopyBCSymbolMapsStep because it said so
2021-02-04 10:16:24 +0000  Processing step: IDEDistributionSymbolsStep
2021-02-04 10:16:24 +0000  Skipping step: IDEDistributionSymbolsStep because it said so
2021-02-04 10:16:24 +0000  Processing step: IDEDistributionAppThinningStep
2021-02-04 10:16:24 +0000  Skipping step: IDEDistributionAppThinningStep because it said so
2021-02-04 10:16:24 +0000  Processing step: IDEDistributionArchThinningStep
2021-02-04 10:16:24 +0000  Running /Applications/Xcode.app/Contents/Developer/Toolchains/XcodeDefault.xctoolchain/usr/bin/lipo '/var/folders/9z/q2mk4rg95gb3wynjsvjx53qw0000gn/T/XcodeDistPipeline.~~~a9M8ng/Root/Payload/ICS.app/ICS' '-verify_arch' 'arm64e'
2021-02-04 10:16:24 +0000  /Applications/Xcode.app/Contents/Developer/Toolchains/XcodeDefault.xctoolchain/usr/bin/lipo exited with 1
2021-02-04 10:16:24 +0000  Skipping architecture thinning for item "ICS" because arch "arm64e" wasn't found
2021-02-04 10:16:24 +0000  Processing step: IDEDistributionODRStep
2021-02-04 10:16:24 +0000  Processing step: IDEDistributionStripXattrsStep
2021-02-04 10:16:24 +0000  Running /usr/bin/xattr '-crs' '/var/folders/9z/q2mk4rg95gb3wynjsvjx53qw0000gn/T/XcodeDistPipeline.~~~a9M8ng/Root/Payload/ICS.app'
2021-02-04 10:16:25 +0000  /usr/bin/xattr exited with 0
2021-02-04 10:16:25 +0000  Processing step: IDEDistributionCodesignStep
2021-02-04 10:16:25 +0000  Entitlements for <IDEDistributionItem: 0x7ffa75c0f590; bundleID='org.reactjs.native.example.ICS.ntf', path='<DVTFilePath:0x7ffaad0910e0:'/Users/reactnative/Library/Developer/Xcode/Archives/2021-02-04/ICS 04-02-21, 3.45 PM.xcarchive/Products/Applications/ICS.app'>', codeSigningInfo='<_DVTCodeSigningInformation_Path: 0x7ffa7aa3f1b0; isSigned='1', isAdHocSigned='0', signingCertificate='<DVTSigningCertificate: 0x7ffa75d2b050; name='Apple Development: Matthew Sobey (NL3MM775DF)', hash='08492C86E641FB4F2F3187EAA780BCD6E94036BB', serialNumber='<DVTSigningCertificateSerialNumber: 0x7ffa75d36d80>', certificateKinds='(
    "1.2.840.113635.100.6.1.12",
    "1.2.840.113635.100.6.1.2"
), issueDate='2021-02-02 09:39:52 +0000''>', entitlements='{
    "application-identifier" = "XBCWPZD3DU.org.reactjs.native.example.ICS.ntf";
    "aps-environment" = development;
    "com.apple.developer.team-identifier" = XBCWPZD3DU;
    "get-task-allow" = 1;
}', teamID='XBCWPZD3DU', identifier='org.reactjs.native.example.ICS.ntf', executablePath='<DVTFilePath:0x7ffa7aa3c1f0:'/Users/reactnative/Library/Developer/Xcode/Archives/2021-02-04/ICS 04-02-21, 3.45 PM.xcarchive/Products/Applications/ICS.app/ICS'>', hardenedRuntime='0'>'>: {
    "application-identifier" = "XBCWPZD3DU.org.reactjs.native.example.ICS.ntf";
    "aps-environment" = development;
    "com.apple.developer.team-identifier" = XBCWPZD3DU;
    "get-task-allow" = 1;
}
2021-02-04 10:16:25 +0000  Writing entitlements for <IDEDistributionItem: 0x7ffa75c0f590; bundleID='org.reactjs.native.example.ICS.ntf', path='<DVTFilePath:0x7ffaad0910e0:'/Users/reactnative/Library/Developer/Xcode/Archives/2021-02-04/ICS 04-02-21, 3.45 PM.xcarchive/Products/Applications/ICS.app'>', codeSigningInfo='<_DVTCodeSigningInformation_Path: 0x7ffa7aa3f1b0; isSigned='1', isAdHocSigned='0', signingCertificate='<DVTSigningCertificate: 0x7ffa75d08410; name='Apple Development: Matthew Sobey (NL3MM775DF)', hash='08492C86E641FB4F2F3187EAA780BCD6E94036BB', serialNumber='<DVTSigningCertificateSerialNumber: 0x7ffa75d3db30>', certificateKinds='(
    "1.2.840.113635.100.6.1.12",
    "1.2.840.113635.100.6.1.2"
), issueDate='2021-02-02 09:39:52 +0000''>', entitlements='{
    "application-identifier" = "XBCWPZD3DU.org.reactjs.native.example.ICS.ntf";
    "aps-environment" = development;
    "com.apple.developer.team-identifier" = XBCWPZD3DU;
    "get-task-allow" = 1;
}', teamID='XBCWPZD3DU', identifier='org.reactjs.native.example.ICS.ntf', executablePath='<DVTFilePath:0x7ffa7aa3c1f0:'/Users/reactnative/Library/Developer/Xcode/Archives/2021-02-04/ICS 04-02-21, 3.45 PM.xcarchive/Products/Applications/ICS.app/ICS'>', hardenedRuntime='0'>'> to: /var/folders/9z/q2mk4rg95gb3wynjsvjx53qw0000gn/T/XcodeDistPipeline.~~~a9M8ng/entitlements~~~uvo46p
2021-02-04 10:16:25 +0000  Running /usr/bin/codesign '-vvv' '--force' '--sign' '08492C86E641FB4F2F3187EAA780BCD6E94036BB' '--entitlements' '/var/folders/9z/q2mk4rg95gb3wynjsvjx53qw0000gn/T/XcodeDistPipeline.~~~a9M8ng/entitlements~~~uvo46p' '--preserve-metadata=identifier,flags,runtime' '/var/folders/9z/q2mk4rg95gb3wynjsvjx53qw0000gn/T/XcodeDistPipeline.~~~a9M8ng/Root/Payload/ICS.app'
2021-02-04 10:16:25 +0000  /var/folders/9z/q2mk4rg95gb3wynjsvjx53qw0000gn/T/XcodeDistPipeline.~~~a9M8ng/Root/Payload/ICS.app: signed app bundle with Mach-O universal (armv7 arm64) [org.reactjs.native.example.ICS.ntf]
2021-02-04 10:16:25 +0000  /usr/bin/codesign exited with 0
2021-02-04 10:16:25 +0000  Processing step: IDEDistributionZipODRItemStep
2021-02-04 10:16:25 +0000  Skipping step: IDEDistributionZipODRItemStep because it said so
2021-02-04 10:16:25 +0000  Processing step: IDEDistributionCreateIPAStep
2021-02-04 10:16:25 +0000  Running /usr/bin/ditto '-V' '-c' '-k' '--norsrc' '/var/folders/9z/q2mk4rg95gb3wynjsvjx53qw0000gn/T/XcodeDistPipeline.~~~a9M8ng/Root' '/var/folders/9z/q2mk4rg95gb3wynjsvjx53qw0000gn/T/XcodeDistPipeline.~~~a9M8ng/Packages/ICS.ipa'
2021-02-04 10:16:25 +0000  >>> Copying /var/folders/9z/q2mk4rg95gb3wynjsvjx53qw0000gn/T/XcodeDistPipeline.~~~a9M8ng/Root 
2021-02-04 10:16:25 +0000  copying file ./Payload/ICS.app/_CodeSignature/CodeResources ... 
2021-02-04 10:16:25 +0000  48968 bytes for ./Payload/ICS.app/_CodeSignature/CodeResources
2021-02-04 10:16:25 +0000  copying file ./Payload/ICS.app/Fontisto.ttf ... 
2021-02-04 10:16:25 +0000  313528 bytes for ./Payload/ICS.app/Fontisto.ttf
2021-02-04 10:16:25 +0000  copying file ./Payload/ICS.app/Octicons.ttf ... 
2021-02-04 10:16:25 +0000  28364 bytes for ./Payload/ICS.app/Octicons.ttf
2021-02-04 10:16:25 +0000  copying file ./Payload/ICS.app/Feather.ttf ... 
2021-02-04 10:16:25 +0000  56024 bytes for ./Payload/ICS.app/Feather.ttf
2021-02-04 10:16:25 +0000  copying file ./Payload/ICS.app/AppIcon20x20@2x.png ... 
2021-02-04 10:16:25 +0000  892 bytes for ./Payload/ICS.app/AppIcon20x20@2x.png
copying file ./Payload/ICS.app/Entypo.ttf ... 
2021-02-04 10:16:25 +0000  65584 bytes for ./Payload/ICS.app/Entypo.ttf
2021-02-04 10:16:25 +0000  copying file ./Payload/ICS.app/AppIcon20x20@3x.png ... 
2021-02-04 10:16:25 +0000  1440 bytes for ./Payload/ICS.app/AppIcon20x20@3x.png
2021-02-04 10:16:25 +0000  copying file ./Payload/ICS.app/QBImagePicker.bundle/de.lproj/QBImagePicker.strings ... 
2021-02-04 10:16:25 +0000  686 bytes for ./Payload/ICS.app/QBImagePicker.bundle/de.lproj/QBImagePicker.strings
2021-02-04 10:16:25 +0000  copying file ./Payload/ICS.app/QBImagePicker.bundle/zh-Hans.lproj/QBImagePicker.strings ... 
2021-02-04 10:16:25 +0000  738 bytes for ./Payload/ICS.app/QBImagePicker.bundle/zh-Hans.lproj/QBImagePicker.strings
2021-02-04 10:16:25 +0000  copying file ./Payload/ICS.app/QBImagePicker.bundle/ja.lproj/QBImagePicker.strings ... 
2021-02-04 10:16:25 +0000  764 bytes for ./Payload/ICS.app/QBImagePicker.bundle/ja.lproj/QBImagePicker.strings
2021-02-04 10:16:25 +0000  copying file ./Payload/ICS.app/QBImagePicker.bundle/en.lproj/QBImagePicker.strings ... 
681 bytes for ./Payload/ICS.app/QBImagePicker.bundle/en.lproj/QBImagePicker.strings
2021-02-04 10:16:25 +0000  copying file ./Payload/ICS.app/QBImagePicker.bundle/QBImagePicker.storyboardc/QiH-NZ-ZGN-view-sD2-zK-ryo.nib/runtime.nib ... 
2021-02-04 10:16:25 +0000  10670 bytes for ./Payload/ICS.app/QBImagePicker.bundle/QBImagePicker.storyboardc/QiH-NZ-ZGN-view-sD2-zK-ryo.nib/runtime.nib
2021-02-04 10:16:25 +0000  copying file ./Payload/ICS.app/QBImagePicker.bundle/QBImagePicker.storyboardc/QiH-NZ-ZGN-view-sD2-zK-ryo.nib/objects-12.3+.nib ... 
2021-02-04 10:16:25 +0000  10874 bytes for ./Payload/ICS.app/QBImagePicker.bundle/QBImagePicker.storyboardc/QiH-NZ-ZGN-view-sD2-zK-ryo.nib/objects-12.3+.nib
2021-02-04 10:16:25 +0000  copying file ./Payload/ICS.app/QBImagePicker.bundle/QBImagePicker.storyboardc/QBAlbumsViewController.nib/runtime.nib ... 
2021-02-04 10:16:25 +0000  1775 bytes for ./Payload/ICS.app/QBImagePicker.bundle/QBImagePicker.storyboardc/QBAlbumsViewController.nib/runtime.nib
2021-02-04 10:16:25 +0000  copying file ./Payload/ICS.app/QBImagePicker.bundle/QBImagePicker.storyboardc/QBAlbumsViewController.nib/objects-12.3+.nib ... 
2021-02-04 10:16:25 +0000  1775 bytes for ./Payload/ICS.app/QBImagePicker.bundle/QBImagePicker.storyboardc/QBAlbumsViewController.nib/objects-12.3+.nib
2021-02-04 10:16:25 +0000  copying file ./Payload/ICS.app/QBImagePicker.bundle/QBImagePicker.storyboardc/QBAssetsViewController.nib/runtime.nib ... 
2021-02-04 10:16:25 +0000  1368 bytes for ./Payload/ICS.app/QBImagePicker.bundle/QBImagePicker.storyboardc/QBAssetsViewController.nib/runtime.nib
2021-02-04 10:16:25 +0000  copying file ./Payload/ICS.app/QBImagePicker.bundle/QBImagePicker.storyboardc/QBAssetsViewController.nib/objects-12.3+.nib ... 
2021-02-04 10:16:25 +0000  1368 bytes for ./Payload/ICS.app/QBImagePicker.bundle/QBImagePicker.storyboardc/QBAssetsViewController.nib/objects-12.3+.nib
2021-02-04 10:16:25 +0000  copying file ./Payload/ICS.app/QBImagePicker.bundle/QBImagePicker.storyboardc/QL5-wR-LYt-view-66K-TS-Yoc.nib/runtime.nib ... 
2021-02-04 10:16:25 +0000  6939 bytes for ./Payload/ICS.app/QBImagePicker.bundle/QBImagePicker.storyboardc/QL5-wR-LYt-view-66K-TS-Yoc.nib/runtime.nib
2021-02-04 10:16:25 +0000  copying file ./Payload/ICS.app/QBImagePicker.bundle/QBImagePicker.storyboardc/QL5-wR-LYt-view-66K-TS-Yoc.nib/objects-12.3+.nib ... 
2021-02-04 10:16:25 +0000  6938 bytes for ./Payload/ICS.app/QBImagePicker.bundle/QBImagePicker.storyboardc/QL5-wR-LYt-view-66K-TS-Yoc.nib/objects-12.3+.nib
2021-02-04 10:16:25 +0000  copying file ./Payload/ICS.app/QBImagePicker.bundle/QBImagePicker.storyboardc/QBAlbumsNavigationController.nib/runtime.nib ... 
2021-02-04 10:16:25 +0000  2590 bytes for ./Payload/ICS.app/QBImagePicker.bundle/QBImagePicker.storyboardc/QBAlbumsNavigationController.nib/runtime.nib
2021-02-04 10:16:25 +0000  copying file ./Payload/ICS.app/QBImagePicker.bundle/QBImagePicker.storyboardc/QBAlbumsNavigationController.nib/objects-12.3+.nib ... 
2021-02-04 10:16:25 +0000  2593 bytes for ./Payload/ICS.app/QBImagePicker.bundle/QBImagePicker.storyboardc/QBAlbumsNavigationController.nib/objects-12.3+.nib
2021-02-04 10:16:25 +0000  copying file ./Payload/ICS.app/QBImagePicker.bundle/QBImagePicker.storyboardc/Info.plist ... 
2021-02-04 10:16:25 +0000  289 bytes for ./Payload/ICS.app/QBImagePicker.bundle/QBImagePicker.storyboardc/Info.plist
2021-02-04 10:16:25 +0000  copying file ./Payload/ICS.app/QBImagePicker.bundle/es.lproj/QBImagePicker.strings ... 
2021-02-04 10:16:25 +0000  685 bytes for ./Payload/ICS.app/QBImagePicker.bundle/es.lproj/QBImagePicker.strings
2021-02-04 10:16:25 +0000  copying file ./Payload/ICS.app/QBImagePicker.bundle/pl.lproj/QBImagePicker.strings ... 
2021-02-04 10:16:25 +0000  702 bytes for ./Payload/ICS.app/QBImagePicker.bundle/pl.lproj/QBImagePicker.strings
2021-02-04 10:16:25 +0000  copying file ./Payload/ICS.app/QBImagePicker.bundle/fr.lproj/QBImagePicker.strings ... 
2021-02-04 10:16:25 +0000  702 bytes for ./Payload/ICS.app/QBImagePicker.bundle/fr.lproj/QBImagePicker.strings
copying file ./Payload/ICS.app/QBImagePicker.bundle/Info.plist ... 
2021-02-04 10:16:25 +0000  722 bytes for ./Payload/ICS.app/QBImagePicker.bundle/Info.plist
2021-02-04 10:16:25 +0000  copying file ./Payload/ICS.app/FontAwesome5_Brands.ttf ... 
2021-02-04 10:16:25 +0000  132728 bytes for ./Payload/ICS.app/FontAwesome5_Brands.ttf
2021-02-04 10:16:25 +0000  copying file ./Payload/ICS.app/MaterialCommunityIcons.ttf ... 
2021-02-04 10:16:26 +0000  899432 bytes for ./Payload/ICS.app/MaterialCommunityIcons.ttf
2021-02-04 10:16:26 +0000  copying file ./Payload/ICS.app/AppIcon60x60@2x.png ... 
2021-02-04 10:16:26 +0000  2771 bytes for ./Payload/ICS.app/AppIcon60x60@2x.png
copying file ./Payload/ICS.app/AppIcon29x29@2x.png ... 
2021-02-04 10:16:26 +0000  1360 bytes for ./Payload/ICS.app/AppIcon29x29@2x.png
copying file ./Payload/ICS.app/AntDesign.ttf ... 
2021-02-04 10:16:26 +0000  70344 bytes for ./Payload/ICS.app/AntDesign.ttf
2021-02-04 10:16:26 +0000  copying file ./Payload/ICS.app/AppIcon40x40@3x.png ... 
2021-02-04 10:16:26 +0000  2771 bytes for ./Payload/ICS.app/AppIcon40x40@3x.png
copying file ./Payload/ICS.app/Foundation.ttf ... 
2021-02-04 10:16:26 +0000  56976 bytes for ./Payload/ICS.app/Foundation.ttf
2021-02-04 10:16:26 +0000  copying file ./Payload/ICS.app/AppIcon29x29~ipad.png ... 
2021-02-04 10:16:26 +0000  720 bytes for ./Payload/ICS.app/AppIcon29x29~ipad.png
copying file ./Payload/ICS.app/Ionicons.ttf ... 
2021-02-04 10:16:26 +0000  247192 bytes for ./Payload/ICS.app/Ionicons.ttf
2021-02-04 10:16:26 +0000  copying file ./Payload/ICS.app/FontAwesome5_Solid.ttf ... 
2021-02-04 10:16:26 +0000  202616 bytes for ./Payload/ICS.app/FontAwesome5_Solid.ttf
2021-02-04 10:16:26 +0000  copying file ./Payload/ICS.app/AppIcon40x40@2x.png ... 
2021-02-04 10:16:26 +0000  1994 bytes for ./Payload/ICS.app/AppIcon40x40@2x.png
copying file ./Payload/ICS.app/FontAwesome5_Regular.ttf ... 
2021-02-04 10:16:26 +0000  34092 bytes for ./Payload/ICS.app/FontAwesome5_Regular.ttf
2021-02-04 10:16:26 +0000  copying file ./Payload/ICS.app/AppIcon29x29@3x.png ... 
2021-02-04 10:16:26 +0000  2088 bytes for ./Payload/ICS.app/AppIcon29x29@3x.png
copying file ./Payload/ICS.app/GoogleService-Info.plist ... 
2021-02-04 10:16:26 +0000  675 bytes for ./Payload/ICS.app/GoogleService-Info.plist
2021-02-04 10:16:26 +0000  copying file ./Payload/ICS.app/AppIcon60x60@3x.png ... 
2021-02-04 10:16:26 +0000  3729 bytes for ./Payload/ICS.app/AppIcon60x60@3x.png
2021-02-04 10:16:26 +0000  copying file ./Payload/ICS.app/Base.lproj/LaunchScreen.nib ... 
2021-02-04 10:16:26 +0000  1340 bytes for ./Payload/ICS.app/Base.lproj/LaunchScreen.nib
2021-02-04 10:16:26 +0000  copying file ./Payload/ICS.app/FontAwesome.ttf ... 
2021-02-04 10:16:26 +0000  165548 bytes for ./Payload/ICS.app/FontAwesome.ttf
2021-02-04 10:16:26 +0000  copying file ./Payload/ICS.app/Zocial.ttf ... 
2021-02-04 10:16:26 +0000  25552 bytes for ./Payload/ICS.app/Zocial.ttf
2021-02-04 10:16:26 +0000  copying file ./Payload/ICS.app/Assets.car ... 
2021-02-04 10:16:26 +0000  879567 bytes for ./Payload/ICS.app/Assets.car
2021-02-04 10:16:26 +0000  copying file ./Payload/ICS.app/AppIcon40x40@2x~ipad.png ... 
2021-02-04 10:16:26 +0000  1994 bytes for ./Payload/ICS.app/AppIcon40x40@2x~ipad.png
copying file ./Payload/ICS.app/EvilIcons.ttf ... 
2021-02-04 10:16:26 +0000  13456 bytes for ./Payload/ICS.app/EvilIcons.ttf
2021-02-04 10:16:26 +0000  copying file ./Payload/ICS.app/AppIcon76x76@2x~ipad.png ... 
2021-02-04 10:16:26 +0000  3222 bytes for ./Payload/ICS.app/AppIcon76x76@2x~ipad.png
copying file ./Payload/ICS.app/main.jsbundle ... 
2021-02-04 10:16:26 +0000  2494122 bytes for ./Payload/ICS.app/main.jsbundle
2021-02-04 10:16:26 +0000  copying file ./Payload/ICS.app/AppIcon83.5x83.5@2x~ipad.png ... 
2021-02-04 10:16:26 +0000  3478 bytes for ./Payload/ICS.app/AppIcon83.5x83.5@2x~ipad.png
copying file ./Payload/ICS.app/AppIcon29x29@2x~ipad.png ... 
2021-02-04 10:16:26 +0000  1360 bytes for ./Payload/ICS.app/AppIcon29x29@2x~ipad.png
2021-02-04 10:16:26 +0000  copying file ./Payload/ICS.app/TOCropViewControllerBundle.bundle/de.lproj/TOCropViewControllerLocalizable.strings ... 
2021-02-04 10:16:26 +0000  189 bytes for ./Payload/ICS.app/TOCropViewControllerBundle.bundle/de.lproj/TOCropViewControllerLocalizable.strings
2021-02-04 10:16:26 +0000  copying file ./Payload/ICS.app/TOCropViewControllerBundle.bundle/ar.lproj/TOCropViewControllerLocalizable.strings ... 
2021-02-04 10:16:26 +0000  207 bytes for ./Payload/ICS.app/TOCropViewControllerBundle.bundle/ar.lproj/TOCropViewControllerLocalizable.strings
2021-02-04 10:16:26 +0000  copying file ./Payload/ICS.app/TOCropViewControllerBundle.bundle/zh-Hans.lproj/TOCropViewControllerLocalizable.strings ... 
172 bytes for ./Payload/ICS.app/TOCropViewControllerBundle.bundle/zh-Hans.lproj/TOCropViewControllerLocalizable.strings
2021-02-04 10:16:26 +0000  copying file ./Payload/ICS.app/TOCropViewControllerBundle.bundle/ja.lproj/TOCropViewControllerLocalizable.strings ... 
2021-02-04 10:16:26 +0000  201 bytes for ./Payload/ICS.app/TOCropViewControllerBundle.bundle/ja.lproj/TOCropViewControllerLocalizable.strings
2021-02-04 10:16:26 +0000  copying file ./Payload/ICS.app/TOCropViewControllerBundle.bundle/fa.lproj/TOCropViewControllerLocalizable.strings ... 
2021-02-04 10:16:26 +0000  210 bytes for ./Payload/ICS.app/TOCropViewControllerBundle.bundle/fa.lproj/TOCropViewControllerLocalizable.strings
2021-02-04 10:16:26 +0000  copying file ./Payload/ICS.app/TOCropViewControllerBundle.bundle/en.lproj/TOCropViewControllerLocalizable.strings ... 
168 bytes for ./Payload/ICS.app/TOCropViewControllerBundle.bundle/en.lproj/TOCropViewControllerLocalizable.strings
2021-02-04 10:16:26 +0000  copying file ./Payload/ICS.app/TOCropViewControllerBundle.bundle/es.lproj/TOCropViewControllerLocalizable.strings ... 
2021-02-04 10:16:26 +0000  179 bytes for ./Payload/ICS.app/TOCropViewControllerBundle.bundle/es.lproj/TOCropViewControllerLocalizable.strings
2021-02-04 10:16:26 +0000  copying file ./Payload/ICS.app/TOCropViewControllerBundle.bundle/it.lproj/TOCropViewControllerLocalizable.strings ... 
2021-02-04 10:16:26 +0000  181 bytes for ./Payload/ICS.app/TOCropViewControllerBundle.bundle/it.lproj/TOCropViewControllerLocalizable.strings
2021-02-04 10:16:26 +0000  copying file ./Payload/ICS.app/TOCropViewControllerBundle.bundle/ms.lproj/TOCropViewControllerLocalizable.strings ... 
2021-02-04 10:16:26 +0000  173 bytes for ./Payload/ICS.app/TOCropViewControllerBundle.bundle/ms.lproj/TOCropViewControllerLocalizable.strings
copying file ./Payload/ICS.app/TOCropViewControllerBundle.bundle/ko.lproj/TOCropViewControllerLocalizable.strings ... 
2021-02-04 10:16:26 +0000  187 bytes for ./Payload/ICS.app/TOCropViewControllerBundle.bundle/ko.lproj/TOCropViewControllerLocalizable.strings
2021-02-04 10:16:26 +0000  copying file ./Payload/ICS.app/TOCropViewControllerBundle.bundle/Base.lproj/TOCropViewControllerLocalizable.strings ... 
2021-02-04 10:16:26 +0000  168 bytes for ./Payload/ICS.app/TOCropViewControllerBundle.bundle/Base.lproj/TOCropViewControllerLocalizable.strings
2021-02-04 10:16:26 +0000  copying file ./Payload/ICS.app/TOCropViewControllerBundle.bundle/zh-Hant.lproj/TOCropViewControllerLocalizable.strings ... 
2021-02-04 10:16:26 +0000  175 bytes for ./Payload/ICS.app/TOCropViewControllerBundle.bundle/zh-Hant.lproj/TOCropViewControllerLocalizable.strings
2021-02-04 10:16:26 +0000  copying file ./Payload/ICS.app/TOCropViewControllerBundle.bundle/fa-IR.lproj/TOCropViewControllerLocalizable.strings ... 
2021-02-04 10:16:26 +0000  210 bytes for ./Payload/ICS.app/TOCropViewControllerBundle.bundle/fa-IR.lproj/TOCropViewControllerLocalizable.strings
copying file ./Payload/ICS.app/TOCropViewControllerBundle.bundle/hu.lproj/TOCropViewControllerLocalizable.strings ... 
2021-02-04 10:16:26 +0000  194 bytes for ./Payload/ICS.app/TOCropViewControllerBundle.bundle/hu.lproj/TOCropViewControllerLocalizable.strings
2021-02-04 10:16:26 +0000  copying file ./Payload/ICS.app/TOCropViewControllerBundle.bundle/da-DK.lproj/TOCropViewControllerLocalizable.strings ... 
2021-02-04 10:16:26 +0000  174 bytes for ./Payload/ICS.app/TOCropViewControllerBundle.bundle/da-DK.lproj/TOCropViewControllerLocalizable.strings
2021-02-04 10:16:26 +0000  copying file ./Payload/ICS.app/TOCropViewControllerBundle.bundle/tr.lproj/TOCropViewControllerLocalizable.strings ... 
2021-02-04 10:16:26 +0000  183 bytes for ./Payload/ICS.app/TOCropViewControllerBundle.bundle/tr.lproj/TOCropViewControllerLocalizable.strings
2021-02-04 10:16:26 +0000  copying file ./Payload/ICS.app/TOCropViewControllerBundle.bundle/pl.lproj/TOCropViewControllerLocalizable.strings ... 
171 bytes for ./Payload/ICS.app/TOCropViewControllerBundle.bundle/pl.lproj/TOCropViewControllerLocalizable.strings
2021-02-04 10:16:26 +0000  copying file ./Payload/ICS.app/TOCropViewControllerBundle.bundle/pt-BR.lproj/TOCropViewControllerLocalizable.strings ... 
2021-02-04 10:16:26 +0000  181 bytes for ./Payload/ICS.app/TOCropViewControllerBundle.bundle/pt-BR.lproj/TOCropViewControllerLocalizable.strings
2021-02-04 10:16:26 +0000  copying file ./Payload/ICS.app/TOCropViewControllerBundle.bundle/vi.lproj/TOCropViewControllerLocalizable.strings ... 
178 bytes for ./Payload/ICS.app/TOCropViewControllerBundle.bundle/vi.lproj/TOCropViewControllerLocalizable.strings
2021-02-04 10:16:26 +0000  copying file ./Payload/ICS.app/TOCropViewControllerBundle.bundle/ru.lproj/TOCropViewControllerLocalizable.strings ... 
2021-02-04 10:16:26 +0000  237 bytes for ./Payload/ICS.app/TOCropViewControllerBundle.bundle/ru.lproj/TOCropViewControllerLocalizable.strings
2021-02-04 10:16:26 +0000  copying file ./Payload/ICS.app/TOCropViewControllerBundle.bundle/fr.lproj/TOCropViewControllerLocalizable.strings ... 
2021-02-04 10:16:26 +0000  193 bytes for ./Payload/ICS.app/TOCropViewControllerBundle.bundle/fr.lproj/TOCropViewControllerLocalizable.strings
2021-02-04 10:16:26 +0000  copying file ./Payload/ICS.app/TOCropViewControllerBundle.bundle/fi.lproj/TOCropViewControllerLocalizable.strings ... 
2021-02-04 10:16:26 +0000  179 bytes for ./Payload/ICS.app/TOCropViewControllerBundle.bundle/fi.lproj/TOCropViewControllerLocalizable.strings
copying file ./Payload/ICS.app/TOCropViewControllerBundle.bundle/id.lproj/TOCropViewControllerLocalizable.strings ... 
2021-02-04 10:16:26 +0000  178 bytes for ./Payload/ICS.app/TOCropViewControllerBundle.bundle/id.lproj/TOCropViewControllerLocalizable.strings
2021-02-04 10:16:26 +0000  copying file ./Payload/ICS.app/TOCropViewControllerBundle.bundle/nl.lproj/TOCropViewControllerLocalizable.strings ... 
2021-02-04 10:16:26 +0000  178 bytes for ./Payload/ICS.app/TOCropViewControllerBundle.bundle/nl.lproj/TOCropViewControllerLocalizable.strings
2021-02-04 10:16:26 +0000  copying file ./Payload/ICS.app/TOCropViewControllerBundle.bundle/pt.lproj/TOCropViewControllerLocalizable.strings ... 
2021-02-04 10:16:26 +0000  181 bytes for ./Payload/ICS.app/TOCropViewControllerBundle.bundle/pt.lproj/TOCropViewControllerLocalizable.strings
2021-02-04 10:16:26 +0000  copying file ./Payload/ICS.app/TOCropViewControllerBundle.bundle/ro.lproj/TOCropViewControllerLocalizable.strings ... 
181 bytes for ./Payload/ICS.app/TOCropViewControllerBundle.bundle/ro.lproj/TOCropViewControllerLocalizable.strings
2021-02-04 10:16:26 +0000  copying file ./Payload/ICS.app/TOCropViewControllerBundle.bundle/Info.plist ... 
2021-02-04 10:16:26 +0000  749 bytes for ./Payload/ICS.app/TOCropViewControllerBundle.bundle/Info.plist
copying file ./Payload/ICS.app/AppIcon40x40~ipad.png ... 
2021-02-04 10:16:26 +0000  892 bytes for ./Payload/ICS.app/AppIcon40x40~ipad.png
copying file ./Payload/ICS.app/AppIcon20x20~ipad.png ... 
2021-02-04 10:16:26 +0000  524 bytes for ./Payload/ICS.app/AppIcon20x20~ipad.png
2021-02-04 10:16:26 +0000  copying file ./Payload/ICS.app/SimpleLineIcons.ttf ... 
2021-02-04 10:16:26 +0000  54056 bytes for ./Payload/ICS.app/SimpleLineIcons.ttf
2021-02-04 10:16:26 +0000  copying file ./Payload/ICS.app/embedded.mobileprovision ... 
2021-02-04 10:16:26 +0000  11671 bytes for ./Payload/ICS.app/embedded.mobileprovision
2021-02-04 10:16:26 +0000  copying file ./Payload/ICS.app/assets/app.json ... 
2021-02-04 10:16:26 +0000  43 bytes for ./Payload/ICS.app/assets/app.json
2021-02-04 10:16:26 +0000  copying file ./Payload/ICS.app/assets/node_modules/native-base/dist/src/basic/Icon/NBIcons.json ... 
2021-02-04 10:16:26 +0000  59995 bytes for ./Payload/ICS.app/assets/node_modules/native-base/dist/src/basic/Icon/NBIcons.json
2021-02-04 10:16:26 +0000  copying file ./Payload/ICS.app/assets/node_modules/react-native-router-flux/images/menu_burger.png ... 
2021-02-04 10:16:26 +0000  706 bytes for ./Payload/ICS.app/assets/node_modules/react-native-router-flux/images/menu_burger.png
copying file ./Payload/ICS.app/assets/node_modules/react-native-router-flux/images/back_chevron.png ... 
2021-02-04 10:16:26 +0000  575 bytes for ./Payload/ICS.app/assets/node_modules/react-native-router-flux/images/back_chevron.png
2021-02-04 10:16:26 +0000  copying file ./Payload/ICS.app/assets/node_modules/react-navigation-stack/lib/module/views/assets/back-icon@3x.png ... 
2021-02-04 10:16:26 +0000  761 bytes for ./Payload/ICS.app/assets/node_modules/react-navigation-stack/lib/module/views/assets/back-icon@3x.png
2021-02-04 10:16:26 +0000  copying file ./Payload/ICS.app/assets/node_modules/react-navigation-stack/lib/module/views/assets/back-icon@2x.png ... 
2021-02-04 10:16:26 +0000  405 bytes for ./Payload/ICS.app/assets/node_modules/react-navigation-stack/lib/module/views/assets/back-icon@2x.png
copying file ./Payload/ICS.app/assets/node_modules/react-navigation-stack/lib/module/views/assets/back-icon.png ... 
2021-02-04 10:16:26 +0000  290 bytes for ./Payload/ICS.app/assets/node_modules/react-navigation-stack/lib/module/views/assets/back-icon.png
copying file ./Payload/ICS.app/assets/node_modules/react-navigation-stack/lib/module/views/assets/back-icon-mask.png ... 
2021-02-04 10:16:26 +0000  1619 bytes for ./Payload/ICS.app/assets/node_modules/react-navigation-stack/lib/module/views/assets/back-icon-mask.png
2021-02-04 10:16:26 +0000  copying file ./Payload/ICS.app/assets/node_modules/react-native-datepicker/date_icon.png ... 
2021-02-04 10:16:26 +0000  1133 bytes for ./Payload/ICS.app/assets/node_modules/react-native-datepicker/date_icon.png
2021-02-04 10:16:26 +0000  copying file ./Payload/ICS.app/assets/node_modules/react-native-vector-icons/glyphmaps/Ionicons.json ... 
2021-02-04 10:16:26 +0000  106287 bytes for ./Payload/ICS.app/assets/node_modules/react-native-vector-icons/glyphmaps/Ionicons.json
2021-02-04 10:16:26 +0000  copying file ./Payload/ICS.app/assets/node_modules/react-native-vector-icons/glyphmaps/Fontisto.json ... 
2021-02-04 10:16:26 +0000  13107 bytes for ./Payload/ICS.app/assets/node_modules/react-native-vector-icons/glyphmaps/Fontisto.json
2021-02-04 10:16:26 +0000  copying file ./Payload/ICS.app/assets/node_modules/react-native-vector-icons/glyphmaps/EvilIcons.json ... 
2021-02-04 10:16:26 +0000  1454 bytes for ./Payload/ICS.app/assets/node_modules/react-native-vector-icons/glyphmaps/EvilIcons.json
copying file ./Payload/ICS.app/assets/node_modules/react-native-vector-icons/glyphmaps/Octicons.json ... 
2021-02-04 10:16:26 +0000  3992 bytes for ./Payload/ICS.app/assets/node_modules/react-native-vector-icons/glyphmaps/Octicons.json
2021-02-04 10:16:26 +0000  copying file ./Payload/ICS.app/assets/node_modules/react-native-vector-icons/glyphmaps/FontAwesome5Free_meta.json ... 
2021-02-04 10:16:26 +0000  27903 bytes for ./Payload/ICS.app/assets/node_modules/react-native-vector-icons/glyphmaps/FontAwesome5Free_meta.json
2021-02-04 10:16:26 +0000  copying file ./Payload/ICS.app/assets/node_modules/react-native-vector-icons/glyphmaps/FontAwesome.json ... 
2021-02-04 10:16:26 +0000  17437 bytes for ./Payload/ICS.app/assets/node_modules/react-native-vector-icons/glyphmaps/FontAwesome.json
2021-02-04 10:16:26 +0000  copying file ./Payload/ICS.app/assets/node_modules/react-native-vector-icons/glyphmaps/MaterialIcons.json ... 
2021-02-04 10:16:26 +0000  38522 bytes for ./Payload/ICS.app/assets/node_modules/react-native-vector-icons/glyphmaps/MaterialIcons.json
2021-02-04 10:16:26 +0000  copying file ./Payload/ICS.app/assets/node_modules/react-native-vector-icons/glyphmaps/Entypo.json ... 
2021-02-04 10:16:26 +0000  9486 bytes for ./Payload/ICS.app/assets/node_modules/react-native-vector-icons/glyphmaps/Entypo.json
2021-02-04 10:16:26 +0000  copying file ./Payload/ICS.app/assets/node_modules/react-native-vector-icons/glyphmaps/SimpleLineIcons.json ... 
2021-02-04 10:16:26 +0000  4102 bytes for ./Payload/ICS.app/assets/node_modules/react-native-vector-icons/glyphmaps/SimpleLineIcons.json
2021-02-04 10:16:26 +0000  copying file ./Payload/ICS.app/assets/node_modules/react-native-vector-icons/glyphmaps/AntDesign.json ... 
2021-02-04 10:16:26 +0000  6303 bytes for ./Payload/ICS.app/assets/node_modules/react-native-vector-icons/glyphmaps/AntDesign.json
2021-02-04 10:16:26 +0000  copying file ./Payload/ICS.app/assets/node_modules/react-native-vector-icons/glyphmaps/FontAwesome5Free.json ... 
2021-02-04 10:16:26 +0000  32278 bytes for ./Payload/ICS.app/assets/node_modules/react-native-vector-icons/glyphmaps/FontAwesome5Free.json
2021-02-04 10:16:26 +0000  copying file ./Payload/ICS.app/assets/node_modules/react-native-vector-icons/glyphmaps/Feather.json ... 
2021-02-04 10:16:26 +0000  6080 bytes for ./Payload/ICS.app/assets/node_modules/react-native-vector-icons/glyphmaps/Feather.json
2021-02-04 10:16:26 +0000  copying file ./Payload/ICS.app/assets/node_modules/react-native-vector-icons/glyphmaps/MaterialCommunityIcons.json ... 
2021-02-04 10:16:26 +0000  151816 bytes for ./Payload/ICS.app/assets/node_modules/react-native-vector-icons/glyphmaps/MaterialCommunityIcons.json
2021-02-04 10:16:26 +0000  copying file ./Payload/ICS.app/assets/node_modules/react-native-vector-icons/glyphmaps/Foundation.json ... 
2021-02-04 10:16:26 +0000  6417 bytes for ./Payload/ICS.app/assets/node_modules/react-native-vector-icons/glyphmaps/Foundation.json
2021-02-04 10:16:26 +0000  copying file ./Payload/ICS.app/assets/node_modules/react-native-vector-icons/glyphmaps/Zocial.json ... 
2021-02-04 10:16:26 +0000  2013 bytes for ./Payload/ICS.app/assets/node_modules/react-native-vector-icons/glyphmaps/Zocial.json
2021-02-04 10:16:26 +0000  copying file ./Payload/ICS.app/assets/src/assets/images/norecord.png ... 
2021-02-04 10:16:26 +0000  10054 bytes for ./Payload/ICS.app/assets/src/assets/images/norecord.png
2021-02-04 10:16:26 +0000  copying file ./Payload/ICS.app/assets/src/assets/images/Logo_App.png ... 
2021-02-04 10:16:26 +0000  15678 bytes for ./Payload/ICS.app/assets/src/assets/images/Logo_App.png
2021-02-04 10:16:26 +0000  copying file ./Payload/ICS.app/assets/src/assets/images/Logo_App_White.png ... 
2021-02-04 10:16:26 +0000  10830 bytes for ./Payload/ICS.app/assets/src/assets/images/Logo_App_White.png
2021-02-04 10:16:26 +0000  copying file ./Payload/ICS.app/assets/src/assets/images/background_image.png ... 
2021-02-04 10:16:26 +0000  46844 bytes for ./Payload/ICS.app/assets/src/assets/images/background_image.png
2021-02-04 10:16:26 +0000  copying file ./Payload/ICS.app/assets/src/assets/images/mobilelandingpage.png ... 
2021-02-04 10:16:26 +0000  6065036 bytes for ./Payload/ICS.app/assets/src/assets/images/mobilelandingpage.png
2021-02-04 10:16:26 +0000  copying file ./Payload/ICS.app/assets/src/assets/images/no_img_avlbl.jpg ... 
3210 bytes for ./Payload/ICS.app/assets/src/assets/images/no_img_avlbl.jpg
copying file ./Payload/ICS.app/assets/src/assets/images/uploadimage.png ... 
74742 bytes for ./Payload/ICS.app/assets/src/assets/images/uploadimage.png
copying file ./Payload/ICS.app/assets/src/assets/SampleImages/three.jpg ... 
2021-02-04 10:16:26 +0000  2944408 bytes for ./Payload/ICS.app/assets/src/assets/SampleImages/three.jpg
2021-02-04 10:16:26 +0000  copying file ./Payload/ICS.app/assets/src/assets/SampleImages/two.jpg ... 
1485126 bytes for ./Payload/ICS.app/assets/src/assets/SampleImages/two.jpg
copying file ./Payload/ICS.app/assets/src/assets/SampleImages/four.jpg ... 
2021-02-04 10:16:26 +0000  1118590 bytes for ./Payload/ICS.app/assets/src/assets/SampleImages/four.jpg
copying file ./Payload/ICS.app/assets/src/assets/SampleImages/one.jpg ... 
2021-02-04 10:16:26 +0000  2826080 bytes for ./Payload/ICS.app/assets/src/assets/SampleImages/one.jpg
2021-02-04 10:16:26 +0000  copying file ./Payload/ICS.app/ICS ... 
2021-02-04 10:16:27 +0000  8654752 bytes for ./Payload/ICS.app/ICS
2021-02-04 10:16:27 +0000  copying file ./Payload/ICS.app/AppIcon20x20@2x~ipad.png ... 
892 bytes for ./Payload/ICS.app/AppIcon20x20@2x~ipad.png
copying file ./Payload/ICS.app/Info.plist ... 
2021-02-04 10:16:27 +0000  2429 bytes for ./Payload/ICS.app/Info.plist
2021-02-04 10:16:27 +0000  copying file ./Payload/ICS.app/PkgInfo ... 
8 bytes for ./Payload/ICS.app/PkgInfo
copying file ./Payload/ICS.app/MaterialIcons.ttf ... 
2021-02-04 10:16:27 +0000  230384 bytes for ./Payload/ICS.app/MaterialIcons.ttf
2021-02-04 10:16:27 +0000  copying file ./Payload/ICS.app/AppIcon76x76~ipad.png ... 
1941 bytes for ./Payload/ICS.app/AppIcon76x76~ipad.png
2021-02-04 10:16:27 +0000  /usr/bin/ditto exited with 0
2021-02-04 10:16:27 +0000  Processing step: IDEDistributionAppStoreInformationStep
2021-02-04 10:16:27 +0000  Skipping step: IDEDistributionAppStoreInformationStep because it said so
2021-02-04 10:16:27 +0000  Processing step: IDEDistributionGenerateProcessedDistributionItems
2021-02-04 10:16:27 +0000  IDEDistributionItem init <DVTFilePath:0x7ffa8c93b9e0:'/var/folders/9z/q2mk4rg95gb3wynjsvjx53qw0000gn/T/XcodeDistPipeline.~~~a9M8ng/Root/Payload/ICS.app'>
2021-02-04 10:16:27 +0000  Processing step: IDEDistributionCreateManifestStep
